{"C:\\development\\softwarecrafters\\refactor-backend-asistido-ia\\src\\app.ts": {"path":"C:\\development\\softwarecrafters\\refactor-backend-asistido-ia\\src\\app.ts","statementMap":{"0":{"start":{"line":5,"column":0},"end":{"line":5,"column":16}},"1":{"start":{"line":1,"column":0},"end":{"line":1,"column":67}},"2":{"start":{"line":2,"column":0},"end":{"line":2,"column":32}},"3":{"start":{"line":3,"column":0},"end":{"line":3,"column":128}},"4":{"start":{"line":6,"column":4},"end":{"line":9,"column":76}},"5":{"start":{"line":8,"column":20},"end":{"line":8,"column":55}},"6":{"start":{"line":9,"column":24},"end":{"line":9,"column":74}},"7":{"start":{"line":11,"column":16},"end":{"line":11,"column":25}},"8":{"start":{"line":12,"column":4},"end":{"line":12,"column":28}},"9":{"start":{"line":14,"column":4},"end":{"line":16,"column":37}},"10":{"start":{"line":14,"column":58},"end":{"line":16,"column":16}},"11":{"start":{"line":15,"column":8},"end":{"line":15,"column":37}},"12":{"start":{"line":17,"column":4},"end":{"line":17,"column":100}},"13":{"start":{"line":17,"column":57},"end":{"line":17,"column":79}},"14":{"start":{"line":18,"column":4},"end":{"line":18,"column":103}},"15":{"start":{"line":18,"column":61},"end":{"line":18,"column":82}},"16":{"start":{"line":19,"column":4},"end":{"line":21,"column":37}},"17":{"start":{"line":19,"column":71},"end":{"line":21,"column":16}},"18":{"start":{"line":20,"column":8},"end":{"line":20,"column":39}},"19":{"start":{"line":22,"column":4},"end":{"line":22,"column":106}},"20":{"start":{"line":22,"column":64},"end":{"line":22,"column":85}},"21":{"start":{"line":23,"column":4},"end":{"line":26,"column":26}},"22":{"start":{"line":24,"column":8},"end":{"line":24,"column":29}},"23":{"start":{"line":25,"column":8},"end":{"line":25,"column":35}},"24":{"start":{"line":28,"column":4},"end":{"line":30,"column":7}},"25":{"start":{"line":29,"column":8},"end":{"line":29,"column":54}}},"fnMap":{"0":{"name":"createServer","decl":{"start":{"line":5,"column":16},"end":{"line":5,"column":28}},"loc":{"start":{"line":5,"column":56},"end":{"line":31,"column":1}}},"1":{"name":"(anonymous_2)","decl":{"start":{"line":8,"column":14},"end":{"line":8,"column":17}},"loc":{"start":{"line":8,"column":20},"end":{"line":8,"column":55}}},"2":{"name":"(anonymous_3)","decl":{"start":{"line":9,"column":15},"end":{"line":9,"column":16}},"loc":{"start":{"line":9,"column":24},"end":{"line":9,"column":74}}},"3":{"name":"(anonymous_4)","decl":{"start":{"line":14,"column":25},"end":{"line":14,"column":26}},"loc":{"start":{"line":14,"column":58},"end":{"line":16,"column":16}}},"4":{"name":"(anonymous_5)","decl":{"start":{"line":14,"column":59},"end":{"line":14,"column":64}},"loc":{"start":{"line":14,"column":97},"end":{"line":16,"column":5}}},"5":{"name":"(anonymous_6)","decl":{"start":{"line":17,"column":24},"end":{"line":17,"column":25}},"loc":{"start":{"line":17,"column":57},"end":{"line":17,"column":79}}},"6":{"name":"(anonymous_7)","decl":{"start":{"line":18,"column":28},"end":{"line":18,"column":29}},"loc":{"start":{"line":18,"column":61},"end":{"line":18,"column":82}}},"7":{"name":"(anonymous_8)","decl":{"start":{"line":19,"column":38},"end":{"line":19,"column":39}},"loc":{"start":{"line":19,"column":71},"end":{"line":21,"column":16}}},"8":{"name":"(anonymous_9)","decl":{"start":{"line":19,"column":72},"end":{"line":19,"column":77}},"loc":{"start":{"line":19,"column":110},"end":{"line":21,"column":5}}},"9":{"name":"(anonymous_10)","decl":{"start":{"line":22,"column":31},"end":{"line":22,"column":32}},"loc":{"start":{"line":22,"column":64},"end":{"line":22,"column":85}}},"10":{"name":"(anonymous_11)","decl":{"start":{"line":23,"column":18},"end":{"line":23,"column":19}},"loc":{"start":{"line":23,"column":50},"end":{"line":26,"column":5}}},"11":{"name":"(anonymous_12)","decl":{"start":{"line":28,"column":28},"end":{"line":28,"column":31}},"loc":{"start":{"line":28,"column":33},"end":{"line":30,"column":5}}}},"branchMap":{},"s":{"0":1,"1":1,"2":1,"3":1,"4":6,"5":6,"6":0,"7":6,"8":6,"9":6,"10":12,"11":12,"12":6,"13":9,"14":6,"15":4,"16":6,"17":4,"18":4,"19":6,"20":2,"21":6,"22":1,"23":1,"24":6,"25":6},"f":{"0":6,"1":6,"2":0,"3":12,"4":12,"5":9,"6":4,"7":4,"8":4,"9":2,"10":1,"11":6},"b":{}}
,"C:\\development\\softwarecrafters\\refactor-backend-asistido-ia\\src\\domain\\entities.ts": {"path":"C:\\development\\softwarecrafters\\refactor-backend-asistido-ia\\src\\domain\\entities.ts","statementMap":{"0":{"start":{"line":1,"column":0},"end":{"line":1,"column":69}},"1":{"start":{"line":2,"column":0},"end":{"line":2,"column":51}},"2":{"start":{"line":3,"column":0},"end":{"line":3,"column":36}},"3":{"start":{"line":15,"column":17},"end":{"line":15,"column":23}},"4":{"start":{"line":16,"column":17},"end":{"line":16,"column":35}},"5":{"start":{"line":17,"column":17},"end":{"line":17,"column":41}},"6":{"start":{"line":18,"column":16},"end":{"line":18,"column":35}},"7":{"start":{"line":19,"column":17},"end":{"line":19,"column":44}},"8":{"start":{"line":20,"column":17},"end":{"line":20,"column":31}},"9":{"start":{"line":24,"column":8},"end":{"line":26,"column":9}},"10":{"start":{"line":25,"column":12},"end":{"line":25,"column":75}},"11":{"start":{"line":27,"column":8},"end":{"line":27,"column":97}},"12":{"start":{"line":31,"column":8},"end":{"line":41,"column":null}},"13":{"start":{"line":33,"column":34},"end":{"line":36,"column":null}},"14":{"start":{"line":46,"column":22},"end":{"line":47,"column":74}},"15":{"start":{"line":47,"column":12},"end":{"line":47,"column":47}},"16":{"start":{"line":49,"column":8},"end":{"line":51,"column":9}},"17":{"start":{"line":50,"column":12},"end":{"line":50,"column":null}},"18":{"start":{"line":53,"column":8},"end":{"line":53,"column":null}},"19":{"start":{"line":57,"column":8},"end":{"line":59,"column":9}},"20":{"start":{"line":58,"column":12},"end":{"line":58,"column":107}},"21":{"start":{"line":61,"column":8},"end":{"line":61,"column":44}},"22":{"start":{"line":65,"column":8},"end":{"line":65,"column":53}},"23":{"start":{"line":69,"column":8},"end":{"line":79,"column":null}},"24":{"start":{"line":71,"column":43},"end":{"line":75,"column":14}},"25":{"start":{"line":13,"column":0},"end":{"line":13,"column":13}}},"fnMap":{"0":{"name":"(anonymous_0)","decl":{"start":{"line":14,"column":4},"end":{"line":14,"column":null}},"loc":{"start":{"line":20,"column":31},"end":{"line":21,"column":8}}},"1":{"name":"(anonymous_1)","decl":{"start":{"line":23,"column":4},"end":{"line":23,"column":10}},"loc":{"start":{"line":23,"column":91},"end":{"line":28,"column":5}}},"2":{"name":"(anonymous_2)","decl":{"start":{"line":30,"column":4},"end":{"line":30,"column":10}},"loc":{"start":{"line":30,"column":32},"end":{"line":42,"column":5}}},"3":{"name":"(anonymous_3)","decl":{"start":{"line":33,"column":26},"end":{"line":33,"column":30}},"loc":{"start":{"line":33,"column":34},"end":{"line":36,"column":null}}},"4":{"name":"(anonymous_4)","decl":{"start":{"line":44,"column":4},"end":{"line":44,"column":19}},"loc":{"start":{"line":44,"column":19},"end":{"line":54,"column":5}}},"5":{"name":"(anonymous_5)","decl":{"start":{"line":46,"column":40},"end":{"line":46,"column":41}},"loc":{"start":{"line":47,"column":12},"end":{"line":47,"column":47}}},"6":{"name":"(anonymous_6)","decl":{"start":{"line":56,"column":4},"end":{"line":56,"column":12}},"loc":{"start":{"line":56,"column":12},"end":{"line":62,"column":5}}},"7":{"name":"(anonymous_7)","decl":{"start":{"line":64,"column":4},"end":{"line":64,"column":15}},"loc":{"start":{"line":64,"column":15},"end":{"line":66,"column":5}}},"8":{"name":"(anonymous_8)","decl":{"start":{"line":68,"column":4},"end":{"line":68,"column":9}},"loc":{"start":{"line":68,"column":9},"end":{"line":80,"column":5}}},"9":{"name":"(anonymous_9)","decl":{"start":{"line":71,"column":34},"end":{"line":71,"column":38}},"loc":{"start":{"line":71,"column":43},"end":{"line":75,"column":14}}}},"branchMap":{"0":{"loc":{"start":{"line":24,"column":8},"end":{"line":26,"column":9}},"type":"if","locations":[{"start":{"line":24,"column":8},"end":{"line":26,"column":9}}]},"1":{"loc":{"start":{"line":49,"column":8},"end":{"line":51,"column":9}},"type":"if","locations":[{"start":{"line":49,"column":8},"end":{"line":51,"column":9}}]},"2":{"loc":{"start":{"line":57,"column":8},"end":{"line":59,"column":9}},"type":"if","locations":[{"start":{"line":57,"column":8},"end":{"line":59,"column":9}}]}},"s":{"0":3,"1":3,"2":3,"3":25,"4":25,"5":25,"6":25,"7":25,"8":25,"9":22,"10":2,"11":20,"12":5,"13":5,"14":27,"15":29,"16":27,"17":5,"18":22,"19":6,"20":2,"21":4,"22":1,"23":18,"24":18,"25":3},"f":{"0":25,"1":22,"2":5,"3":5,"4":27,"5":29,"6":6,"7":1,"8":18,"9":18},"b":{"0":[2],"1":[5],"2":[2]}}
,"C:\\development\\softwarecrafters\\refactor-backend-asistido-ia\\src\\domain\\error.ts": {"path":"C:\\development\\softwarecrafters\\refactor-backend-asistido-ia\\src\\domain\\error.ts","statementMap":{"0":{"start":{"line":3,"column":8},"end":{"line":3,"column":23}},"1":{"start":{"line":4,"column":8},"end":{"line":4,"column":42}},"2":{"start":{"line":1,"column":0},"end":{"line":1,"column":13}}},"fnMap":{"0":{"name":"(anonymous_0)","decl":{"start":{"line":2,"column":4},"end":{"line":2,"column":16}},"loc":{"start":{"line":2,"column":31},"end":{"line":5,"column":5}}}},"branchMap":{},"s":{"0":7,"1":7,"2":4},"f":{"0":7},"b":{}}
,"C:\\development\\softwarecrafters\\refactor-backend-asistido-ia\\src\\domain\\models.ts": {"path":"C:\\development\\softwarecrafters\\refactor-backend-asistido-ia\\src\\domain\\models.ts","statementMap":{"0":{"start":{"line":1,"column":0},"end":{"line":1,"column":null}},"1":{"start":{"line":2,"column":4},"end":{"line":2,"column":null}},"2":{"start":{"line":3,"column":4},"end":{"line":3,"column":null}}},"fnMap":{"0":{"name":"(anonymous_0)","decl":{"start":{"line":1,"column":0},"end":{"line":1,"column":12}},"loc":{"start":{"line":1,"column":23},"end":{"line":4,"column":1}}}},"branchMap":{"0":{"loc":{"start":{"line":1,"column":12},"end":{"line":1,"column":null}},"type":"binary-expr","locations":[{"start":{"line":1,"column":12},"end":{"line":1,"column":23}},{"start":{"line":1,"column":23},"end":{"line":1,"column":null}}]}},"s":{"0":3,"1":3,"2":3},"f":{"0":3},"b":{"0":[3,3]}}
,"C:\\development\\softwarecrafters\\refactor-backend-asistido-ia\\src\\domain\\valueObject.ts": {"path":"C:\\development\\softwarecrafters\\refactor-backend-asistido-ia\\src\\domain\\valueObject.ts","statementMap":{"0":{"start":{"line":1,"column":0},"end":{"line":1,"column":36}},"1":{"start":{"line":2,"column":0},"end":{"line":2,"column":32}},"2":{"start":{"line":5,"column":33},"end":{"line":5,"column":46}},"3":{"start":{"line":8,"column":8},"end":{"line":10,"column":9}},"4":{"start":{"line":9,"column":12},"end":{"line":9,"column":69}},"5":{"start":{"line":11,"column":8},"end":{"line":11,"column":41}},"6":{"start":{"line":15,"column":8},"end":{"line":15,"column":64}},"7":{"start":{"line":19,"column":8},"end":{"line":19,"column":64}},"8":{"start":{"line":4,"column":0},"end":{"line":4,"column":13}},"9":{"start":{"line":24,"column":33},"end":{"line":24,"column":46}},"10":{"start":{"line":28,"column":8},"end":{"line":30,"column":9}},"11":{"start":{"line":29,"column":12},"end":{"line":29,"column":61}},"12":{"start":{"line":31,"column":8},"end":{"line":31,"column":34}},"13":{"start":{"line":23,"column":0},"end":{"line":23,"column":13}},"14":{"start":{"line":36,"column":33},"end":{"line":36,"column":46}},"15":{"start":{"line":39,"column":8},"end":{"line":39,"column":30}},"16":{"start":{"line":43,"column":8},"end":{"line":43,"column":29}},"17":{"start":{"line":35,"column":0},"end":{"line":35,"column":13}},"18":{"start":{"line":49,"column":17},"end":{"line":49,"column":30}},"19":{"start":{"line":50,"column":17},"end":{"line":50,"column":41}},"20":{"start":{"line":51,"column":17},"end":{"line":51,"column":38}},"21":{"start":{"line":55,"column":8},"end":{"line":55,"column":50}},"22":{"start":{"line":47,"column":0},"end":{"line":47,"column":13}}},"fnMap":{"0":{"name":"(anonymous_0)","decl":{"start":{"line":5,"column":4},"end":{"line":5,"column":33}},"loc":{"start":{"line":5,"column":46},"end":{"line":5,"column":50}}},"1":{"name":"(anonymous_1)","decl":{"start":{"line":7,"column":4},"end":{"line":7,"column":10}},"loc":{"start":{"line":7,"column":31},"end":{"line":12,"column":5}}},"2":{"name":"(anonymous_2)","decl":{"start":{"line":14,"column":4},"end":{"line":14,"column":12}},"loc":{"start":{"line":14,"column":35},"end":{"line":16,"column":5}}},"3":{"name":"(anonymous_3)","decl":{"start":{"line":18,"column":4},"end":{"line":18,"column":7}},"loc":{"start":{"line":18,"column":30},"end":{"line":20,"column":5}}},"4":{"name":"(anonymous_4)","decl":{"start":{"line":24,"column":4},"end":{"line":24,"column":33}},"loc":{"start":{"line":24,"column":46},"end":{"line":25,"column":5}}},"5":{"name":"(anonymous_5)","decl":{"start":{"line":27,"column":4},"end":{"line":27,"column":10}},"loc":{"start":{"line":27,"column":31},"end":{"line":32,"column":5}}},"6":{"name":"(anonymous_6)","decl":{"start":{"line":36,"column":4},"end":{"line":36,"column":33}},"loc":{"start":{"line":36,"column":46},"end":{"line":36,"column":50}}},"7":{"name":"(anonymous_7)","decl":{"start":{"line":38,"column":4},"end":{"line":38,"column":10}},"loc":{"start":{"line":38,"column":17},"end":{"line":40,"column":5}}},"8":{"name":"(anonymous_8)","decl":{"start":{"line":42,"column":4},"end":{"line":42,"column":10}},"loc":{"start":{"line":42,"column":29},"end":{"line":44,"column":5}}},"9":{"name":"(anonymous_9)","decl":{"start":{"line":48,"column":4},"end":{"line":48,"column":null}},"loc":{"start":{"line":51,"column":38},"end":{"line":52,"column":8}}},"10":{"name":"(anonymous_10)","decl":{"start":{"line":54,"column":4},"end":{"line":54,"column":21}},"loc":{"start":{"line":54,"column":21},"end":{"line":56,"column":5}}}},"branchMap":{"0":{"loc":{"start":{"line":8,"column":8},"end":{"line":10,"column":9}},"type":"if","locations":[{"start":{"line":8,"column":8},"end":{"line":10,"column":9}}]},"1":{"loc":{"start":{"line":28,"column":8},"end":{"line":30,"column":9}},"type":"if","locations":[{"start":{"line":28,"column":8},"end":{"line":30,"column":9}}]},"2":{"loc":{"start":{"line":28,"column":12},"end":{"line":28,"column":41}},"type":"binary-expr","locations":[{"start":{"line":28,"column":12},"end":{"line":28,"column":18}},{"start":{"line":28,"column":22},"end":{"line":28,"column":41}}]}},"s":{"0":4,"1":4,"2":165,"3":166,"4":1,"5":165,"6":35,"7":30,"8":4,"9":28,"10":30,"11":2,"12":28,"13":4,"14":56,"15":35,"16":21,"17":4,"18":29,"19":29,"20":29,"21":29,"22":4},"f":{"0":165,"1":166,"2":35,"3":30,"4":28,"5":30,"6":56,"7":35,"8":21,"9":29,"10":29},"b":{"0":[1],"1":[2],"2":[30,29]}}
,"C:\\development\\softwarecrafters\\refactor-backend-asistido-ia\\src\\infrastructure\\controllers\\orderController.ts": {"path":"C:\\development\\softwarecrafters\\refactor-backend-asistido-ia\\src\\infrastructure\\controllers\\orderController.ts","statementMap":{"0":{"start":{"line":2,"column":0},"end":{"line":2,"column":53}},"1":{"start":{"line":3,"column":0},"end":{"line":3,"column":48}},"2":{"start":{"line":4,"column":0},"end":{"line":4,"column":80}},"3":{"start":{"line":5,"column":0},"end":{"line":5,"column":44}},"4":{"start":{"line":6,"column":0},"end":{"line":6,"column":47}},"5":{"start":{"line":9,"column":27},"end":{"line":38,"column":1}},"6":{"start":{"line":10,"column":4},"end":{"line":10,"column":32}},"7":{"start":{"line":11,"column":4},"end":{"line":37,"column":5}},"8":{"start":{"line":12,"column":57},"end":{"line":12,"column":65}},"9":{"start":{"line":13,"column":27},"end":{"line":19,"column":10}},"10":{"start":{"line":14,"column":12},"end":{"line":17,"column":null}},"11":{"start":{"line":20,"column":22},"end":{"line":20,"column":93}},"12":{"start":{"line":21,"column":25},"end":{"line":21,"column":38}},"13":{"start":{"line":22,"column":25},"end":{"line":28,"column":10}},"14":{"start":{"line":30,"column":8},"end":{"line":30,"column":30}},"15":{"start":{"line":31,"column":8},"end":{"line":31,"column":79}},"16":{"start":{"line":33,"column":8},"end":{"line":35,"column":9}},"17":{"start":{"line":34,"column":12},"end":{"line":34,"column":55}},"18":{"start":{"line":36,"column":8},"end":{"line":36,"column":49}},"19":{"start":{"line":9,"column":13},"end":{"line":9,"column":27}},"20":{"start":{"line":41,"column":28},"end":{"line":45,"column":1}},"21":{"start":{"line":42,"column":4},"end":{"line":42,"column":31}},"22":{"start":{"line":43,"column":19},"end":{"line":43,"column":42}},"23":{"start":{"line":44,"column":4},"end":{"line":44,"column":21}},"24":{"start":{"line":41,"column":13},"end":{"line":41,"column":28}},"25":{"start":{"line":48,"column":27},"end":{"line":85,"column":1}},"26":{"start":{"line":49,"column":4},"end":{"line":49,"column":35}},"27":{"start":{"line":50,"column":19},"end":{"line":50,"column":29}},"28":{"start":{"line":51,"column":54},"end":{"line":51,"column":62}},"29":{"start":{"line":53,"column":18},"end":{"line":53,"column":47}},"30":{"start":{"line":54,"column":4},"end":{"line":56,"column":5}},"31":{"start":{"line":55,"column":8},"end":{"line":55,"column":55}},"32":{"start":{"line":58,"column":4},"end":{"line":60,"column":5}},"33":{"start":{"line":59,"column":8},"end":{"line":59,"column":48}},"34":{"start":{"line":62,"column":4},"end":{"line":67,"column":5}},"35":{"start":{"line":63,"column":8},"end":{"line":65,"column":9}},"36":{"start":{"line":64,"column":12},"end":{"line":64,"column":70}},"37":{"start":{"line":66,"column":8},"end":{"line":66,"column":30}},"38":{"start":{"line":69,"column":4},"end":{"line":81,"column":5}},"39":{"start":{"line":70,"column":8},"end":{"line":70,"column":42}},"40":{"start":{"line":71,"column":8},"end":{"line":80,"column":9}},"41":{"start":{"line":72,"column":27},"end":{"line":72,"column":28}},"42":{"start":{"line":73,"column":12},"end":{"line":75,"column":13}},"43":{"start":{"line":74,"column":16},"end":{"line":74,"column":69}},"44":{"start":{"line":76,"column":12},"end":{"line":76,"column":28}},"45":{"start":{"line":77,"column":12},"end":{"line":77,"column":35}},"46":{"start":{"line":79,"column":12},"end":{"line":79,"column":68}},"47":{"start":{"line":83,"column":4},"end":{"line":83,"column":23}},"48":{"start":{"line":84,"column":4},"end":{"line":84,"column":59}},"49":{"start":{"line":48,"column":13},"end":{"line":48,"column":27}},"50":{"start":{"line":88,"column":29},"end":{"line":124,"column":1}},"51":{"start":{"line":89,"column":4},"end":{"line":89,"column":45}},"52":{"start":{"line":90,"column":4},"end":{"line":122,"column":5}},"53":{"start":{"line":91,"column":23},"end":{"line":91,"column":33}},"54":{"start":{"line":92,"column":30},"end":{"line":92,"column":59}},"55":{"start":{"line":93,"column":8},"end":{"line":95,"column":9}},"56":{"start":{"line":94,"column":12},"end":{"line":94,"column":86}},"57":{"start":{"line":96,"column":8},"end":{"line":96,"column":44}},"58":{"start":{"line":97,"column":25},"end":{"line":103,"column":null}},"59":{"start":{"line":104,"column":22},"end":{"line":104,"column":45}},"60":{"start":{"line":105,"column":8},"end":{"line":105,"column":25}},"61":{"start":{"line":106,"column":33},"end":{"line":106,"column":46}},"62":{"start":{"line":107,"column":38},"end":{"line":114,"column":10}},"63":{"start":{"line":115,"column":8},"end":{"line":115,"column":92}},"64":{"start":{"line":116,"column":8},"end":{"line":116,"column":50}},"65":{"start":{"line":118,"column":8},"end":{"line":120,"column":9}},"66":{"start":{"line":119,"column":12},"end":{"line":119,"column":55}},"67":{"start":{"line":121,"column":8},"end":{"line":121,"column":49}},"68":{"start":{"line":88,"column":13},"end":{"line":88,"column":29}},"69":{"start":{"line":127,"column":27},"end":{"line":140,"column":1}},"70":{"start":{"line":128,"column":4},"end":{"line":128,"column":38}},"71":{"start":{"line":129,"column":4},"end":{"line":139,"column":5}},"72":{"start":{"line":130,"column":28},"end":{"line":130,"column":77}},"73":{"start":{"line":132,"column":8},"end":{"line":134,"column":9}},"74":{"start":{"line":133,"column":12},"end":{"line":133,"column":59}},"75":{"start":{"line":135,"column":8},"end":{"line":135,"column":34}},"76":{"start":{"line":138,"column":8},"end":{"line":138,"column":66}},"77":{"start":{"line":127,"column":13},"end":{"line":127,"column":27}}},"fnMap":{"0":{"name":"(anonymous_0)","decl":{"start":{"line":9,"column":27},"end":{"line":9,"column":32}},"loc":{"start":{"line":9,"column":65},"end":{"line":38,"column":1}}},"1":{"name":"(anonymous_1)","decl":{"start":{"line":13,"column":37},"end":{"line":13,"column":38}},"loc":{"start":{"line":14,"column":12},"end":{"line":17,"column":null}}},"2":{"name":"(anonymous_2)","decl":{"start":{"line":41,"column":28},"end":{"line":41,"column":33}},"loc":{"start":{"line":41,"column":67},"end":{"line":45,"column":1}}},"3":{"name":"(anonymous_3)","decl":{"start":{"line":48,"column":27},"end":{"line":48,"column":32}},"loc":{"start":{"line":48,"column":65},"end":{"line":85,"column":1}}},"4":{"name":"(anonymous_4)","decl":{"start":{"line":88,"column":29},"end":{"line":88,"column":34}},"loc":{"start":{"line":88,"column":67},"end":{"line":124,"column":1}}},"5":{"name":"(anonymous_5)","decl":{"start":{"line":127,"column":27},"end":{"line":127,"column":32}},"loc":{"start":{"line":127,"column":65},"end":{"line":140,"column":1}}}},"branchMap":{"0":{"loc":{"start":{"line":33,"column":8},"end":{"line":35,"column":9}},"type":"if","locations":[{"start":{"line":33,"column":8},"end":{"line":35,"column":9}}]},"1":{"loc":{"start":{"line":54,"column":4},"end":{"line":56,"column":5}},"type":"if","locations":[{"start":{"line":54,"column":4},"end":{"line":56,"column":5}}]},"2":{"loc":{"start":{"line":58,"column":4},"end":{"line":60,"column":5}},"type":"if","locations":[{"start":{"line":58,"column":4},"end":{"line":60,"column":5}}]},"3":{"loc":{"start":{"line":62,"column":4},"end":{"line":67,"column":5}},"type":"if","locations":[{"start":{"line":62,"column":4},"end":{"line":67,"column":5}}]},"4":{"loc":{"start":{"line":63,"column":8},"end":{"line":65,"column":9}},"type":"if","locations":[{"start":{"line":63,"column":8},"end":{"line":65,"column":9}}]},"5":{"loc":{"start":{"line":63,"column":12},"end":{"line":63,"column":72}},"type":"binary-expr","locations":[{"start":{"line":63,"column":12},"end":{"line":63,"column":44}},{"start":{"line":63,"column":48},"end":{"line":63,"column":72}}]},"6":{"loc":{"start":{"line":69,"column":4},"end":{"line":81,"column":5}},"type":"if","locations":[{"start":{"line":69,"column":4},"end":{"line":81,"column":5}}]},"7":{"loc":{"start":{"line":71,"column":8},"end":{"line":80,"column":9}},"type":"if","locations":[{"start":{"line":71,"column":8},"end":{"line":80,"column":9}},{"start":{"line":78,"column":15},"end":{"line":80,"column":9}}]},"8":{"loc":{"start":{"line":74,"column":29},"end":{"line":74,"column":44}},"type":"binary-expr","locations":[{"start":{"line":74,"column":29},"end":{"line":74,"column":39}},{"start":{"line":74,"column":43},"end":{"line":74,"column":44}}]},"9":{"loc":{"start":{"line":74,"column":49},"end":{"line":74,"column":67}},"type":"binary-expr","locations":[{"start":{"line":74,"column":49},"end":{"line":74,"column":62}},{"start":{"line":74,"column":66},"end":{"line":74,"column":67}}]},"10":{"loc":{"start":{"line":93,"column":8},"end":{"line":95,"column":9}},"type":"if","locations":[{"start":{"line":93,"column":8},"end":{"line":95,"column":9}}]},"11":{"loc":{"start":{"line":118,"column":8},"end":{"line":120,"column":9}},"type":"if","locations":[{"start":{"line":118,"column":8},"end":{"line":120,"column":9}}]},"12":{"loc":{"start":{"line":132,"column":8},"end":{"line":134,"column":9}},"type":"if","locations":[{"start":{"line":132,"column":8},"end":{"line":134,"column":9}}]}},"s":{"0":1,"1":1,"2":1,"3":1,"4":1,"5":1,"6":12,"7":12,"8":12,"9":12,"10":11,"11":12,"12":11,"13":11,"14":11,"15":11,"16":1,"17":1,"18":0,"19":1,"20":1,"21":9,"22":9,"23":9,"24":1,"25":1,"26":4,"27":4,"28":4,"29":4,"30":4,"31":1,"32":3,"33":1,"34":3,"35":1,"36":0,"37":1,"38":3,"39":1,"40":1,"41":1,"42":1,"43":1,"44":1,"45":1,"46":0,"47":3,"48":3,"49":1,"50":1,"51":4,"52":4,"53":4,"54":4,"55":4,"56":1,"57":3,"58":3,"59":3,"60":3,"61":2,"62":2,"63":2,"64":2,"65":1,"66":1,"67":0,"68":1,"69":1,"70":2,"71":2,"72":2,"73":2,"74":1,"75":1,"76":0,"77":1},"f":{"0":12,"1":11,"2":9,"3":4,"4":4,"5":2},"b":{"0":[1],"1":[1],"2":[1],"3":[1],"4":[0],"5":[1,1],"6":[1],"7":[1,0],"8":[1,0],"9":[1,0],"10":[1],"11":[1],"12":[1]}}
,"C:\\development\\softwarecrafters\\refactor-backend-asistido-ia\\src\\infrastructure\\repositories\\orderMongoRepository.ts": {"path":"C:\\development\\softwarecrafters\\refactor-backend-asistido-ia\\src\\infrastructure\\repositories\\orderMongoRepository.ts","statementMap":{"0":{"start":{"line":2,"column":0},"end":{"line":2,"column":44}},"1":{"start":{"line":4,"column":0},"end":{"line":4,"column":51}},"2":{"start":{"line":9,"column":8},"end":{"line":9,"column":51}},"3":{"start":{"line":13,"column":27},"end":{"line":13,"column":62}},"4":{"start":{"line":14,"column":8},"end":{"line":16,"column":9}},"5":{"start":{"line":15,"column":12},"end":{"line":15,"column":29}},"6":{"start":{"line":18,"column":8},"end":{"line":24,"column":null}},"7":{"start":{"line":28,"column":20},"end":{"line":28,"column":33}},"8":{"start":{"line":29,"column":27},"end":{"line":35,"column":10}},"9":{"start":{"line":36,"column":8},"end":{"line":36,"column":32}},"10":{"start":{"line":40,"column":8},"end":{"line":40,"column":51}},"11":{"start":{"line":7,"column":0},"end":{"line":7,"column":13}}},"fnMap":{"0":{"name":"(anonymous_0)","decl":{"start":{"line":8,"column":4},"end":{"line":8,"column":11}},"loc":{"start":{"line":8,"column":11},"end":{"line":10,"column":5}}},"1":{"name":"(anonymous_1)","decl":{"start":{"line":12,"column":4},"end":{"line":12,"column":9}},"loc":{"start":{"line":12,"column":25},"end":{"line":25,"column":5}}},"2":{"name":"(anonymous_2)","decl":{"start":{"line":27,"column":4},"end":{"line":27,"column":9}},"loc":{"start":{"line":27,"column":27},"end":{"line":37,"column":5}}},"3":{"name":"(anonymous_3)","decl":{"start":{"line":39,"column":4},"end":{"line":39,"column":10}},"loc":{"start":{"line":39,"column":17},"end":{"line":41,"column":5}}}},"branchMap":{"0":{"loc":{"start":{"line":14,"column":8},"end":{"line":16,"column":9}},"type":"if","locations":[{"start":{"line":14,"column":8},"end":{"line":16,"column":9}}]}},"s":{"0":1,"1":1,"2":0,"3":1,"4":1,"5":0,"6":1,"7":1,"8":1,"9":1,"10":0,"11":1},"f":{"0":0,"1":1,"2":1,"3":0},"b":{"0":[0]}}
,"C:\\development\\softwarecrafters\\refactor-backend-asistido-ia\\src\\models\\orderModel.ts": {"path":"C:\\development\\softwarecrafters\\refactor-backend-asistido-ia\\src\\models\\orderModel.ts","statementMap":{"0":{"start":{"line":1,"column":0},"end":{"line":1,"column":54}},"1":{"start":{"line":2,"column":0},"end":{"line":2,"column":59}},"2":{"start":{"line":17,"column":28},"end":{"line":30,"column":2}},"3":{"start":{"line":18,"column":40},"end":{"line":18,"column":80}},"4":{"start":{"line":32,"column":13},"end":{"line":32,"column":70}}},"fnMap":{"0":{"name":"(anonymous_9)","decl":{"start":{"line":18,"column":34},"end":{"line":18,"column":37}},"loc":{"start":{"line":18,"column":40},"end":{"line":18,"column":80}}}},"branchMap":{},"s":{"0":2,"1":2,"2":2,"3":0,"4":2},"f":{"0":0},"b":{}}
}
