TN:
SF:src\server.ts
FN:5,createServer
FN:8,(anonymous_2)
FN:9,(anonymous_3)
FN:14,(anonymous_4)
FN:14,(anonymous_5)
FN:17,(anonymous_6)
FN:18,(anonymous_7)
FN:19,(anonymous_8)
FN:19,(anonymous_9)
FN:22,(anonymous_10)
FN:23,(anonymous_11)
FN:28,(anonymous_12)
FNF:12
FNH:11
FNDA:6,createServer
FNDA:6,(anonymous_2)
FNDA:0,(anonymous_3)
FNDA:12,(anonymous_4)
FNDA:12,(anonymous_5)
FNDA:9,(anonymous_6)
FNDA:4,(anonymous_7)
FNDA:4,(anonymous_8)
FNDA:4,(anonymous_9)
FNDA:2,(anonymous_10)
FNDA:1,(anonymous_11)
FNDA:6,(anonymous_12)
DA:1,1
DA:2,1
DA:3,1
DA:5,1
DA:6,6
DA:8,6
DA:9,0
DA:11,6
DA:12,6
DA:14,12
DA:15,12
DA:17,9
DA:18,6
DA:19,6
DA:20,4
DA:22,6
DA:23,6
DA:24,1
DA:25,1
DA:28,6
DA:29,6
LF:21
LH:20
BRF:0
BRH:0
end_of_record
TN:
SF:src\domain\entities.ts
FN:14,(anonymous_0)
FN:23,(anonymous_1)
FN:30,(anonymous_2)
FN:33,(anonymous_3)
FN:44,(anonymous_4)
FN:46,(anonymous_5)
FN:56,(anonymous_6)
FN:64,(anonymous_7)
FN:68,(anonymous_8)
FN:71,(anonymous_9)
FNF:10
FNH:10
FNDA:25,(anonymous_0)
FNDA:22,(anonymous_1)
FNDA:5,(anonymous_2)
FNDA:5,(anonymous_3)
FNDA:27,(anonymous_4)
FNDA:29,(anonymous_5)
FNDA:6,(anonymous_6)
FNDA:1,(anonymous_7)
FNDA:18,(anonymous_8)
FNDA:18,(anonymous_9)
DA:1,3
DA:2,3
DA:3,3
DA:13,3
DA:15,25
DA:16,25
DA:17,25
DA:18,25
DA:19,25
DA:20,25
DA:24,22
DA:25,2
DA:27,20
DA:31,5
DA:33,5
DA:46,27
DA:47,29
DA:49,27
DA:50,5
DA:53,22
DA:57,6
DA:58,2
DA:61,4
DA:65,1
DA:69,18
DA:71,18
LF:26
LH:26
BRDA:24,0,0,2
BRDA:49,1,0,5
BRDA:57,2,0,2
BRF:3
BRH:3
end_of_record
TN:
SF:src\domain\error.ts
FN:2,(anonymous_0)
FNF:1
FNH:1
FNDA:7,(anonymous_0)
DA:1,4
DA:3,7
DA:4,7
LF:3
LH:3
BRF:0
BRH:0
end_of_record
TN:
SF:src\domain\models.ts
FN:1,(anonymous_0)
FNF:1
FNH:1
FNDA:3,(anonymous_0)
DA:1,3
DA:2,3
DA:3,3
LF:3
LH:3
BRDA:1,0,0,3
BRDA:1,0,1,3
BRF:2
BRH:2
end_of_record
TN:
SF:src\domain\valueObject.ts
FN:5,(anonymous_0)
FN:7,(anonymous_1)
FN:14,(anonymous_2)
FN:18,(anonymous_3)
FN:24,(anonymous_4)
FN:27,(anonymous_5)
FN:36,(anonymous_6)
FN:38,(anonymous_7)
FN:42,(anonymous_8)
FN:48,(anonymous_9)
FN:54,(anonymous_10)
FNF:11
FNH:11
FNDA:165,(anonymous_0)
FNDA:166,(anonymous_1)
FNDA:35,(anonymous_2)
FNDA:30,(anonymous_3)
FNDA:28,(anonymous_4)
FNDA:30,(anonymous_5)
FNDA:56,(anonymous_6)
FNDA:35,(anonymous_7)
FNDA:21,(anonymous_8)
FNDA:29,(anonymous_9)
FNDA:29,(anonymous_10)
DA:1,4
DA:2,4
DA:4,4
DA:5,165
DA:8,166
DA:9,1
DA:11,165
DA:15,35
DA:19,30
DA:23,4
DA:24,28
DA:28,30
DA:29,2
DA:31,28
DA:35,4
DA:36,56
DA:39,35
DA:43,21
DA:47,4
DA:49,29
DA:50,29
DA:51,29
DA:55,29
LF:23
LH:23
BRDA:8,0,0,1
BRDA:28,1,0,2
BRDA:28,2,0,30
BRDA:28,2,1,29
BRF:4
BRH:4
end_of_record
TN:
SF:src\infrastructure\controllers\orderController.ts
FN:9,(anonymous_0)
FN:13,(anonymous_1)
FN:41,(anonymous_2)
FN:48,(anonymous_3)
FN:88,(anonymous_4)
FN:127,(anonymous_5)
FNF:6
FNH:6
FNDA:12,(anonymous_0)
FNDA:11,(anonymous_1)
FNDA:9,(anonymous_2)
FNDA:4,(anonymous_3)
FNDA:4,(anonymous_4)
FNDA:2,(anonymous_5)
DA:2,1
DA:3,1
DA:4,1
DA:5,1
DA:6,1
DA:9,1
DA:10,12
DA:11,12
DA:12,12
DA:13,12
DA:14,11
DA:20,12
DA:21,11
DA:22,11
DA:30,11
DA:31,11
DA:33,1
DA:34,1
DA:36,0
DA:41,1
DA:42,9
DA:43,9
DA:44,9
DA:48,1
DA:49,4
DA:50,4
DA:51,4
DA:53,4
DA:54,4
DA:55,1
DA:58,3
DA:59,1
DA:62,3
DA:63,1
DA:64,0
DA:66,1
DA:69,3
DA:70,1
DA:71,1
DA:72,1
DA:73,1
DA:74,1
DA:76,1
DA:77,1
DA:79,0
DA:83,3
DA:84,3
DA:88,1
DA:89,4
DA:90,4
DA:91,4
DA:92,4
DA:93,4
DA:94,1
DA:96,3
DA:97,3
DA:104,3
DA:105,3
DA:106,2
DA:107,2
DA:115,2
DA:116,2
DA:118,1
DA:119,1
DA:121,0
DA:127,1
DA:128,2
DA:129,2
DA:130,2
DA:132,2
DA:133,1
DA:135,1
DA:138,0
LF:73
LH:68
BRDA:33,0,0,1
BRDA:54,1,0,1
BRDA:58,2,0,1
BRDA:62,3,0,1
BRDA:63,4,0,0
BRDA:63,5,0,1
BRDA:63,5,1,1
BRDA:69,6,0,1
BRDA:71,7,0,1
BRDA:71,7,1,0
BRDA:74,8,0,1
BRDA:74,8,1,0
BRDA:74,9,0,1
BRDA:74,9,1,0
BRDA:93,10,0,1
BRDA:118,11,0,1
BRDA:132,12,0,1
BRF:17
BRH:13
end_of_record
TN:
SF:src\infrastructure\repositories\orderMongoRepository.ts
FN:8,(anonymous_0)
FN:12,(anonymous_1)
FN:27,(anonymous_2)
FN:39,(anonymous_3)
FNF:4
FNH:2
FNDA:0,(anonymous_0)
FNDA:1,(anonymous_1)
FNDA:1,(anonymous_2)
FNDA:0,(anonymous_3)
DA:2,1
DA:4,1
DA:7,1
DA:9,0
DA:13,1
DA:14,1
DA:15,0
DA:18,1
DA:28,1
DA:29,1
DA:36,1
DA:40,0
LF:12
LH:9
BRDA:14,0,0,0
BRF:1
BRH:0
end_of_record
TN:
SF:src\models\orderModel.ts
FN:18,(anonymous_9)
FNF:1
FNH:0
FNDA:0,(anonymous_9)
DA:1,2
DA:2,2
DA:17,2
DA:18,0
DA:32,2
LF:5
LH:4
BRF:0
BRH:0
end_of_record
